<?xml version="1.0" encoding="UTF-8"?>
<testng-results skipped="0" failed="0" total="1" passed="1">
  <reporter-output>
  </reporter-output>
  <suite name="Default suite" duration-ms="44" started-at="2022-09-03T09:35:12Z" finished-at="2022-09-03T09:35:12Z">
    <groups>
    </groups>
    <test name="Default test" duration-ms="44" started-at="2022-09-03T09:35:12Z" finished-at="2022-09-03T09:35:12Z">
      <class name="testng_demo.class2">
        <test-method status="PASS" signature="m1()[pri:0, instance:testng_demo.class2@48eff760]" name="m1" duration-ms="18" started-at="2022-09-03T15:05:12Z" finished-at="2022-09-03T15:05:12Z">
          <reporter-output>
          </reporter-output>
        </test-method> <!-- m1 -->
      </class> <!-- testng_demo.class2 -->
    </test> <!-- Default test -->
  </suite> <!-- Default suite -->
</testng-results>
